#
# There is insufficient memory for the Java Runtime Environment to continue.
# Native memory allocation (mmap) failed to map 266338304 bytes for G1 virtual space
# Possible reasons:
#   The system is out of physical RAM or swap space
#   The process is running with CompressedOops enabled, and the Java Heap may be blocking the growth of the native heap
# Possible solutions:
#   Reduce memory load on the system
#   Increase physical memory or swap space
#   Check if swap backing store is full
#   Decrease Java heap size (-Xmx/-Xms)
#   Decrease number of Java threads
#   Decrease Java thread stack sizes (-Xss)
#   Set larger code cache with -XX:ReservedCodeCacheSize=
#   JVM is running with Zero Based Compressed Oops mode in which the Java heap is
#     placed in the first 32GB address space. The Java Heap base address is the
#     maximum limit for the native heap growth. Please use -XX:HeapBaseMinAddress
#     to set the Java Heap base and to place the Java Heap above 32GB virtual address.
# This output file may be truncated or incomplete.
#
#  Out of Memory Error (os_windows.cpp:3530), pid=5896, tid=12124
#
# JRE version:  (18.0.1.1+2) (build )
# Java VM: Java HotSpot(TM) 64-Bit Server VM (18.0.1.1+2-6, mixed mode, sharing, tiered, compressed oops, compressed class ptrs, g1 gc, windows-amd64)
# No core dump will be written. Minidumps are not enabled by default on client versions of Windows
#

---------------  S U M M A R Y ------------

Command Line: -Dfile.encoding=UTF-8 --module-path=C:\Users\logonrmlocal\Downloads\ojdbc11.jar -XX:+ShowCodeDetailsInExceptionMessages Program.Program

Host: Intel(R) Core(TM) i7-9700 CPU @ 3.00GHz, 8 cores, 15G,  Windows 10 , 64 bit Build 19041 (10.0.19041.1741)
Time: Tue May 16 21:01:51 2023 Tocantins Standard Time elapsed time: 0.008445 seconds (0d 0h 0m 0s)

---------------  T H R E A D  ---------------

Current thread (0x000002a6ad95bfe0):  JavaThread "Unknown thread" [_thread_in_vm, id=12124, stack(0x000000cb03300000,0x000000cb03400000)]

Stack: [0x000000cb03300000,0x000000cb03400000]
Native frames: (J=compiled Java code, j=interpreted, Vv=VM code, C=native code)
V  [jvm.dll+0x69887a]
V  [jvm.dll+0x7f38bd]
V  [jvm.dll+0x7f51ce]
V  [jvm.dll+0x7f5883]
V  [jvm.dll+0x25ca3f]
V  [jvm.dll+0x6957c9]
V  [jvm.dll+0x68a2fa]
V  [jvm.dll+0x321efb]
V  [jvm.dll+0x3298d6]
V  [jvm.dll+0x37e47e]
V  [jvm.dll+0x37e6af]
V  [jvm.dll+0x2f9c7a]
V  [jvm.dll+0x2facdd]
V  [jvm.dll+0x7c24f0]
V  [jvm.dll+0x38b801]
V  [jvm.dll+0x7a1203]
V  [jvm.dll+0x40d6bf]
V  [jvm.dll+0x40f091]
C  [jli.dll+0x526b]
C  [ucrtbase.dll+0x21bb2]
C  [KERNEL32.DLL+0x17034]
C  [ntdll.dll+0x52651]


---------------  P R O C E S S  ---------------

Threads class SMR info:
_java_thread_list=0x00007fff92afd550, length=0, elements={
}

Java Threads: ( => current thread )

Other Threads:
  0x000002a6afb23d30 WorkerThread "GC Thread#0" [stack: 0x000000cb03400000,0x000000cb03500000] [id=10880]
  0x000002a6afb34970 ConcurrentGCThread "G1 Main Marker" [stack: 0x000000cb03500000,0x000000cb03600000] [id=12336]
  0x000002a6afb36b10 WorkerThread "G1 Conc#0" [stack: 0x000000cb03600000,0x000000cb03700000] [id=10788]

[error occurred during error reporting (printing all threads), id 0xc0000005, EXCEPTION_ACCESS_VIOLATION (0xc0000005) at pc=0x00007fff9232a217]

VM state: not at safepoint (not fully initialized)

VM Mutex/Monitor currently owned by a thread:  ([mutex/lock_event])
[0x000002a6afab3e30] Heap_lock - owner thread: 0x000002a6ad95bfe0

Heap address: 0x0000000702e00000, size: 4050 MB, Compressed Oops mode: Zero based, Oop shift amount: 3

CDS archive(s) mapped at: [0x0000000000000000-0x0000000000000000-0x0000000000000000), size 0, SharedBaseAddress: 0x0000000800000000, ArchiveRelocationMode: 0.
Narrow klass base: 0x0000000000000000, Narrow klass shift: 0, Narrow klass range: 0x0

GC Precious Log:
 CardTable entry size: 512
 Card Set container configuration: InlinePtr #cards 4 size 8 Array Of Cards #cards 16 size 48 Howl #buckets 8 coarsen threshold 3686 Howl Bitmap #cards 512 size 80 coarsen threshold 460 Card regions per heap region 1 cards per card region 4096

Heap:
 garbage-first heap   total 0K, used 0K [0x0000000702e00000, 0x0000000800000000)
  region size 2048K, 0 young (0K), 0 survivors (0K)

[error occurred during error reporting (printing heap information), id 0xc0000005, EXCEPTION_ACCESS_VIOLATION (0xc0000005) at pc=0x00007fff92710cb9]

GC Heap History (0 events):
No events

Deoptimization events (0 events):
No events

Classes loaded (0 events):
No events

Classes unloaded (0 events):
No events

Classes redefined (0 events):
No events

Internal exceptions (0 events):
No events

VM Operations (0 events):
No events

Events (1 events):
Event: 0.006 Loaded shared library C:\Program Files\Java\jdk-18.0.1.1\bin\java.dll


Dynamic libraries:
0x00007ff719070000 - 0x00007ff719080000 	C:\Program Files\Java\jdk-18.0.1.1\bin\javaw.exe
0x00007ffff82b0000 - 0x00007ffff84a7000 	C:\windows\SYSTEM32\ntdll.dll
0x00007ffff7ed0000 - 0x00007ffff7f8d000 	C:\windows\System32\KERNEL32.DLL
0x00007ffff5cd0000 - 0x00007ffff5f9d000 	C:\windows\System32\KERNELBASE.dll
0x00007ffff60e0000 - 0x00007ffff61e0000 	C:\windows\System32\ucrtbase.dll
0x00007fffc3850000 - 0x00007fffc386a000 	C:\Program Files\Java\jdk-18.0.1.1\bin\VCRUNTIME140.dll
0x00007fffc3870000 - 0x00007fffc3888000 	C:\Program Files\Java\jdk-18.0.1.1\bin\jli.dll
0x00007ffff73c0000 - 0x00007ffff746e000 	C:\windows\System32\ADVAPI32.dll
0x00007ffff74a0000 - 0x00007ffff753e000 	C:\windows\System32\msvcrt.dll
0x00007ffff7ff0000 - 0x00007ffff808c000 	C:\windows\System32\sechost.dll
0x00007ffff6fd0000 - 0x00007ffff70f5000 	C:\windows\System32\RPCRT4.dll
0x00007ffff6e30000 - 0x00007ffff6fd0000 	C:\windows\System32\USER32.dll
0x00007fffd5710000 - 0x00007fffd59aa000 	C:\windows\WinSxS\amd64_microsoft.windows.common-controls_6595b64144ccf1df_6.0.19041.1110_none_60b5254171f9507e\COMCTL32.dll
0x00007ffff60b0000 - 0x00007ffff60d2000 	C:\windows\System32\win32u.dll
0x00007ffff7470000 - 0x00007ffff749a000 	C:\windows\System32\GDI32.dll
0x00007ffff5fa0000 - 0x00007ffff60ab000 	C:\windows\System32\gdi32full.dll
0x00007ffff59a0000 - 0x00007ffff5a3d000 	C:\windows\System32\msvcp_win.dll
0x00007fffecc10000 - 0x00007fffecc1a000 	C:\windows\SYSTEM32\VERSION.dll
0x00007ffff75d0000 - 0x00007ffff7600000 	C:\windows\System32\IMM32.DLL
0x00007fffe9af0000 - 0x00007fffe9afc000 	C:\Program Files\Java\jdk-18.0.1.1\bin\vcruntime140_1.dll
0x00007fffa8eb0000 - 0x00007fffa8f3d000 	C:\Program Files\Java\jdk-18.0.1.1\bin\msvcp140.dll
0x00007fff92020000 - 0x00007fff92c30000 	C:\Program Files\Java\jdk-18.0.1.1\bin\server\jvm.dll
0x00007ffff7540000 - 0x00007ffff7548000 	C:\windows\System32\PSAPI.DLL
0x00007ffff1d00000 - 0x00007ffff1d09000 	C:\windows\SYSTEM32\WSOCK32.dll
0x00007fffed3d0000 - 0x00007fffed3f7000 	C:\windows\SYSTEM32\WINMM.dll
0x00007ffff7550000 - 0x00007ffff75bb000 	C:\windows\System32\WS2_32.dll
0x00007ffff3880000 - 0x00007ffff3892000 	C:\windows\SYSTEM32\kernel.appcore.dll
0x00007fffe9580000 - 0x00007fffe958a000 	C:\Program Files\Java\jdk-18.0.1.1\bin\jimage.dll
0x00007fffe8940000 - 0x00007fffe8b24000 	C:\windows\SYSTEM32\DBGHELP.DLL
0x00007fffc0420000 - 0x00007fffc044c000 	C:\windows\SYSTEM32\dbgcore.DLL
0x00007ffff6250000 - 0x00007ffff62d2000 	C:\windows\System32\bcryptPrimitives.dll
0x00007fffdf590000 - 0x00007fffdf5b5000 	C:\Program Files\Java\jdk-18.0.1.1\bin\java.dll

dbghelp: loaded successfully - version: 4.0.5 - missing functions: none
symbol engine: initialized successfully - sym options: 0x614 - pdb path: .;C:\Program Files\Java\jdk-18.0.1.1\bin;C:\windows\SYSTEM32;C:\windows\WinSxS\amd64_microsoft.windows.common-controls_6595b64144ccf1df_6.0.19041.1110_none_60b5254171f9507e;C:\Program Files\Java\jdk-18.0.1.1\bin\server

VM Arguments:
jvm_args: -Dfile.encoding=UTF-8 --module-path=C:\Users\logonrmlocal\Downloads\ojdbc11.jar -XX:+ShowCodeDetailsInExceptionMessages 
java_command: Program.Program
java_class_path (initial): C:\Users\logonrmlocal\eclipse-workspace\CP-06-Categorias\bin
Launcher Type: SUN_STANDARD

[Global flags]
     intx CICompilerCount                          = 4                                         {product} {ergonomic}
     uint ConcGCThreads                            = 2                                         {product} {ergonomic}
     uint G1ConcRefinementThreads                  = 8                                         {product} {ergonomic}
   size_t G1HeapRegionSize                         = 2097152                                   {product} {ergonomic}
    uintx GCDrainStackTargetSize                   = 64                                        {product} {ergonomic}
   size_t InitialHeapSize                          = 266338304                                 {product} {ergonomic}
   size_t MarkStackSize                            = 4194304                                   {product} {ergonomic}
   size_t MaxHeapSize                              = 4246732800                                {product} {ergonomic}
   size_t MinHeapDeltaBytes                        = 2097152                                   {product} {ergonomic}
   size_t MinHeapSize                              = 8388608                                   {product} {ergonomic}
    uintx NonNMethodCodeHeapSize                   = 5839372                                {pd product} {ergonomic}
    uintx NonProfiledCodeHeapSize                  = 122909434                              {pd product} {ergonomic}
    uintx ProfiledCodeHeapSize                     = 122909434                              {pd product} {ergonomic}
    uintx ReservedCodeCacheSize                    = 251658240                              {pd product} {ergonomic}
     bool SegmentedCodeCache                       = true                                      {product} {ergonomic}
     bool ShowCodeDetailsInExceptionMessages       = true                                   {manageable} {command line}
   size_t SoftMaxHeapSize                          = 4246732800                             {manageable} {ergonomic}
     bool UseCompressedClassPointers               = true                           {product lp64_product} {ergonomic}
     bool UseCompressedOops                        = true                           {product lp64_product} {ergonomic}
     bool UseG1GC                                  = true                                      {product} {ergonomic}
     bool UseLargePagesIndividualAllocation        = false                                  {pd product} {ergonomic}

Logging:
Log output configuration:
 #0: stdout all=warning uptime,level,tags foldmultilines=false
 #1: stderr all=off uptime,level,tags foldmultilines=false

Environment Variables:
JAVA_HOME=C:\Program Files\Java\jdk1.8.0_333
PATH=c:/Program Files/Java/jdk-18.0.1.1/bin/server;c:/Program Files/Java/jdk-18.0.1.1/bin;C:\Program Files (x86)\VMware\VMware Workstation\bin\;C:\TwinCAT\Common64;C:\TwinCAT\Common32;C:\ProgramData\Anaconda3\Scripts;C:\ProgramData\Anaconda3;C:\Python27\;C:\Python27\Scripts;C:\Python310\Scripts\;C:\Python310\;C:\Program Files (x86)\NVIDIA Corporation\PhysX\Common;C:\Program Files\Microsoft MPI\Bin\;C:\Program Files\Common Files\Oracle\Java\javapath;C:\Program Files (x86)\Common Files\Oracle\Java\javapath;C:\Windows\system32;C:\Windows;C:\Windows\System32\Wbem;C:\Windows\System32\WindowsPowerShell\v1.0\;C:\Windows\System32\OpenSSH\;C:\Program Files\Microsoft VS Code\bin;C:\Program Files\Amazon\AWSCLIV2\;C:\Program Files (x86)\WinSCP\;C:\Opensource\apache-cassandra-3.11.13\bin;C:\xampp\php;C:\ProgramData\ComposerSetup\bin;C:\Opensource\apache-maven-3.8.6\bin;C:\Program Files\Microsoft SQL Server\120\Tools\Binn\;C:\Program Files\dotnet\;C:\Program Files\Microsoft SQL Server\Client SDK\ODBC\170\Tools\Binn\;C:\Program Files (x86)\Microsoft SQL Server\150\Tools\Binn\;C:\Program Files\Microsoft SQL Server\150\Tools\Binn\;C:\Program Files\Microsoft SQL Server\150\DTS\Binn\;C:\Program Files (x86)\Microsoft SQL Server\150\DTS\Binn\;C:\Program Files\Azure Data Studio\bin;C:\Program Files\PuTTY\;C:\Program Files (x86)\Windows Kits\8.1\Windows Performance Toolkit\;C:\Program Files\Git\cmd;C:\Program Files (x86)\Microchip\MPLAB C32 Suite\bin;C:\Program Files\nodejs\;C:\ProgramData\chocolatey\bin;C:\HashiCorp\Vagrant\bin;C:\src\flutter\bin;C:\Opensource\gradle-7.4.2\bin;C:\Opensource\terraform_1.2.2;C:\Program Files\Docker\Docker\resources\bin;C:\ProgramData\DockerDesktop\version-bin;C:\Android_SDK\tools;C:\Android_SDK\platform-tools;C:\Android_SDK\build-tools\33.0.0;C:\Program Files\Common Files\Autodesk Shared\;C:\Program Files\MySQL\MySQL Shell 8.0\bin\;C:\Users\logonrmlocal\AppData\Local\Microsoft\WindowsApps;C:\Users\logonrmlocal\AppData\Roaming\Composer\vendor\bin;C:\Users\logonrmlocal\AppData\Local\Programs\Rancher Desktop\resources\resources\win32\bin;C:\Users\logonrmlocal\AppData\Local\Programs\Rancher Desktop\resources\resources\linux\bin;C:\Program Files\Azure Data Studio\bin;C:\Users\logonrmlocal\AppData\Local\GitHubDesktop\bin;C:\Program Files\JetBrains\IntelliJ IDEA Community Edition 2022.1.2\bin;;C:\Users\logonrmlocal\AppData\Roaming\npm;C:\Users\logonrmlocal\.dotnet\tools;C:\intelFPGA_lite\18.1\modelsim_ase\win32aloem;C:\windows\system32;
USERNAME=logonrmlocal
OS=Windows_NT
PROCESSOR_IDENTIFIER=Intel64 Family 6 Model 158 Stepping 13, GenuineIntel



---------------  S Y S T E M  ---------------

OS:
 Windows 10 , 64 bit Build 19041 (10.0.19041.1741)
OS uptime: 0 days 3:31 hours
Hyper-V role detected

CPU: total 8 (initial active 8) (8 cores per cpu, 1 threads per core) family 6 model 158 stepping 13 microcode 0xca, cx8, cmov, fxsr, mmx, 3dnowpref, sse, sse2, sse3, ssse3, sse4.1, sse4.2, popcnt, lzcnt, tsc, tscinvbit, avx, avx2, aes, erms, clmul, bmi1, bmi2, adx, fma, vzeroupper, clflush, clflushopt, hv

Memory: 4k page, system-wide physical 16193M (2820M free)
TotalPageFile size 16193M (AvailPageFile size 150M)
current process WorkingSet (physical memory assigned to process): 10M, peak: 10M
current process commit charge ("private bytes"): 60M, peak: 314M

vm_info: Java HotSpot(TM) 64-Bit Server VM (18.0.1.1+2-6) for windows-amd64 JRE (18.0.1.1+2-6), built on Apr 25 2022 21:53:15 by "mach5one" with MS VC++ 16.8 / 16.9 (VS2019)

END.
